{"/home/desmond/myprojects/node/bookstor_api/app/models/book.js":{"path":"/home/desmond/myprojects/node/bookstor_api/app/models/book.js","s":{"1":1,"2":1,"3":1,"4":1,"5":5,"6":5,"7":1,"8":5,"9":1},"b":{"1":[1,4]},"f":{},"fnMap":{},"statementMap":{"1":{"start":{"line":1,"column":0},"end":{"line":1,"column":35}},"2":{"start":{"line":2,"column":0},"end":{"line":2,"column":29}},"3":{"start":{"line":5,"column":0},"end":{"line":16,"column":2}},"4":{"start":{"line":19,"column":0},"end":{"line":25,"column":3}},"5":{"start":{"line":20,"column":2},"end":{"line":20,"column":19}},"6":{"start":{"line":21,"column":2},"end":{"line":23,"column":3}},"7":{"start":{"line":22,"column":4},"end":{"line":22,"column":25}},"8":{"start":{"line":24,"column":2},"end":{"line":24,"column":9}},"9":{"start":{"line":28,"column":0},"end":{"line":28,"column":52}}},"branchMap":{"1":{"line":21,"type":"if","locations":[{"start":{"line":21,"column":2},"end":{"line":21,"column":2}},{"start":{"line":21,"column":2},"end":{"line":21,"column":2}}]}}},"/home/desmond/myprojects/node/bookstor_api/server.js":{"path":"/home/desmond/myprojects/node/bookstor_api/server.js","s":{"1":1,"2":1,"3":1,"4":1,"5":1,"6":1,"7":1,"8":1,"9":1,"10":1,"11":1,"12":1,"13":1,"14":0,"15":1,"16":1,"17":1,"18":1,"19":1,"20":0,"21":1,"22":1,"23":1,"24":1,"25":1},"b":{"1":[0,1]},"f":{},"fnMap":{},"statementMap":{"1":{"start":{"line":1,"column":0},"end":{"line":1,"column":33}},"2":{"start":{"line":2,"column":0},"end":{"line":2,"column":20}},"3":{"start":{"line":3,"column":0},"end":{"line":3,"column":35}},"4":{"start":{"line":4,"column":0},"end":{"line":4,"column":31}},"5":{"start":{"line":5,"column":0},"end":{"line":5,"column":40}},"6":{"start":{"line":6,"column":0},"end":{"line":6,"column":16}},"7":{"start":{"line":7,"column":0},"end":{"line":7,"column":40}},"8":{"start":{"line":8,"column":0},"end":{"line":8,"column":31}},"9":{"start":{"line":10,"column":0},"end":{"line":13,"column":16}},"10":{"start":{"line":16,"column":0},"end":{"line":16,"column":41}},"11":{"start":{"line":17,"column":0},"end":{"line":17,"column":29}},"12":{"start":{"line":18,"column":0},"end":{"line":18,"column":65}},"13":{"start":{"line":21,"column":0},"end":{"line":24,"column":1}},"14":{"start":{"line":23,"column":4},"end":{"line":23,"column":32}},"15":{"start":{"line":27,"column":0},"end":{"line":27,"column":27}},"16":{"start":{"line":28,"column":0},"end":{"line":28,"column":49}},"17":{"start":{"line":29,"column":0},"end":{"line":29,"column":27}},"18":{"start":{"line":30,"column":0},"end":{"line":30,"column":54}},"19":{"start":{"line":32,"column":0},"end":{"line":32,"column":77}},"20":{"start":{"line":32,"column":27},"end":{"line":32,"column":75}},"21":{"start":{"line":34,"column":0},"end":{"line":36,"column":25}},"22":{"start":{"line":37,"column":0},"end":{"line":40,"column":26}},"23":{"start":{"line":42,"column":0},"end":{"line":42,"column":17}},"24":{"start":{"line":43,"column":0},"end":{"line":43,"column":41}},"25":{"start":{"line":45,"column":0},"end":{"line":45,"column":21}}},"branchMap":{"1":{"line":21,"type":"if","locations":[{"start":{"line":21,"column":0},"end":{"line":21,"column":0}},{"start":{"line":21,"column":0},"end":{"line":21,"column":0}}]}}},"/home/desmond/myprojects/node/bookstor_api/app/routes/book.js":{"path":"/home/desmond/myprojects/node/bookstor_api/app/routes/book.js","s":{"1":1,"2":1,"3":1,"4":1,"5":1,"6":1,"7":0,"8":1,"9":1,"10":2,"11":2,"12":2,"13":1,"14":1,"15":1,"16":1,"17":1,"18":0,"19":1,"20":1,"21":1,"22":1,"23":1,"24":1,"25":1,"26":0,"27":1,"28":1,"29":0,"30":1,"31":1},"b":{"1":[0,1],"2":[1,1],"3":[0,1],"4":[0,1],"5":[0,1]},"f":{"1":1,"2":2,"3":1,"4":1,"5":1},"fnMap":{"1":{"name":"getBooks","line":7,"loc":{"start":{"line":7,"column":0},"end":{"line":7,"column":28}}},"2":{"name":"postBook","line":20,"loc":{"start":{"line":20,"column":0},"end":{"line":20,"column":28}}},"3":{"name":"getBook","line":37,"loc":{"start":{"line":37,"column":0},"end":{"line":37,"column":27}}},"4":{"name":"deleteBook","line":48,"loc":{"start":{"line":48,"column":0},"end":{"line":48,"column":30}}},"5":{"name":"updateBook","line":57,"loc":{"start":{"line":57,"column":0},"end":{"line":57,"column":30}}}},"statementMap":{"1":{"start":{"line":1,"column":0},"end":{"line":1,"column":35}},"2":{"start":{"line":2,"column":0},"end":{"line":2,"column":37}},"3":{"start":{"line":7,"column":0},"end":{"line":15,"column":1}},"4":{"start":{"line":9,"column":4},"end":{"line":9,"column":30}},"5":{"start":{"line":10,"column":4},"end":{"line":14,"column":7}},"6":{"start":{"line":11,"column":8},"end":{"line":11,"column":30}},"7":{"start":{"line":11,"column":16},"end":{"line":11,"column":30}},"8":{"start":{"line":13,"column":8},"end":{"line":13,"column":24}},"9":{"start":{"line":20,"column":0},"end":{"line":32,"column":1}},"10":{"start":{"line":22,"column":4},"end":{"line":22,"column":37}},"11":{"start":{"line":24,"column":4},"end":{"line":31,"column":7}},"12":{"start":{"line":25,"column":8},"end":{"line":30,"column":9}},"13":{"start":{"line":26,"column":12},"end":{"line":26,"column":26}},"14":{"start":{"line":29,"column":12},"end":{"line":29,"column":67}},"15":{"start":{"line":37,"column":0},"end":{"line":43,"column":1}},"16":{"start":{"line":38,"column":4},"end":{"line":42,"column":7}},"17":{"start":{"line":39,"column":8},"end":{"line":39,"column":30}},"18":{"start":{"line":39,"column":16},"end":{"line":39,"column":30}},"19":{"start":{"line":41,"column":8},"end":{"line":41,"column":23}},"20":{"start":{"line":48,"column":0},"end":{"line":52,"column":1}},"21":{"start":{"line":49,"column":4},"end":{"line":51,"column":7}},"22":{"start":{"line":50,"column":8},"end":{"line":50,"column":68}},"23":{"start":{"line":57,"column":0},"end":{"line":65,"column":1}},"24":{"start":{"line":58,"column":4},"end":{"line":64,"column":7}},"25":{"start":{"line":59,"column":8},"end":{"line":59,"column":30}},"26":{"start":{"line":59,"column":16},"end":{"line":59,"column":30}},"27":{"start":{"line":60,"column":8},"end":{"line":63,"column":11}},"28":{"start":{"line":61,"column":12},"end":{"line":61,"column":34}},"29":{"start":{"line":61,"column":20},"end":{"line":61,"column":34}},"30":{"start":{"line":62,"column":12},"end":{"line":62,"column":57}},"31":{"start":{"line":68,"column":0},"end":{"line":68,"column":73}}},"branchMap":{"1":{"line":11,"type":"if","locations":[{"start":{"line":11,"column":8},"end":{"line":11,"column":8}},{"start":{"line":11,"column":8},"end":{"line":11,"column":8}}]},"2":{"line":25,"type":"if","locations":[{"start":{"line":25,"column":8},"end":{"line":25,"column":8}},{"start":{"line":25,"column":8},"end":{"line":25,"column":8}}]},"3":{"line":39,"type":"if","locations":[{"start":{"line":39,"column":8},"end":{"line":39,"column":8}},{"start":{"line":39,"column":8},"end":{"line":39,"column":8}}]},"4":{"line":59,"type":"if","locations":[{"start":{"line":59,"column":8},"end":{"line":59,"column":8}},{"start":{"line":59,"column":8},"end":{"line":59,"column":8}}]},"5":{"line":61,"type":"if","locations":[{"start":{"line":61,"column":12},"end":{"line":61,"column":12}},{"start":{"line":61,"column":12},"end":{"line":61,"column":12}}]}}}}