TN:
SF:/home/desmond/myprojects/node/bookstor_api/app/models/book.js
FNF:0
FNH:0
DA:1,1
DA:2,1
DA:5,1
DA:19,1
DA:20,5
DA:21,5
DA:22,1
DA:24,5
DA:28,1
LF:9
LH:9
BRDA:21,1,0,1
BRDA:21,1,1,4
BRF:2
BRH:2
end_of_record
TN:
SF:/home/desmond/myprojects/node/bookstor_api/server.js
FNF:0
FNH:0
DA:1,1
DA:2,1
DA:3,1
DA:4,1
DA:5,1
DA:6,1
DA:7,1
DA:8,1
DA:10,1
DA:16,1
DA:17,1
DA:18,1
DA:21,1
DA:23,0
DA:27,1
DA:28,1
DA:29,1
DA:30,1
DA:32,1
DA:34,1
DA:37,1
DA:42,1
DA:43,1
DA:45,1
LF:24
LH:23
BRDA:21,1,0,0
BRDA:21,1,1,1
BRF:2
BRH:1
end_of_record
TN:
SF:/home/desmond/myprojects/node/bookstor_api/app/routes/book.js
FN:7,getBooks
FN:20,postBook
FN:37,getBook
FN:48,deleteBook
FN:57,updateBook
FNF:5
FNH:5
FNDA:1,getBooks
FNDA:2,postBook
FNDA:1,getBook
FNDA:1,deleteBook
FNDA:1,updateBook
DA:1,1
DA:2,1
DA:7,1
DA:9,1
DA:10,1
DA:11,1
DA:13,1
DA:20,1
DA:22,2
DA:24,2
DA:25,2
DA:26,1
DA:29,1
DA:37,1
DA:38,1
DA:39,1
DA:41,1
DA:48,1
DA:49,1
DA:50,1
DA:57,1
DA:58,1
DA:59,1
DA:60,1
DA:61,1
DA:62,1
DA:68,1
LF:27
LH:27
BRDA:11,1,0,0
BRDA:11,1,1,1
BRDA:25,2,0,1
BRDA:25,2,1,1
BRDA:39,3,0,0
BRDA:39,3,1,1
BRDA:59,4,0,0
BRDA:59,4,1,1
BRDA:61,5,0,0
BRDA:61,5,1,1
BRF:10
BRH:6
end_of_record
